# TOTAL_GENES = 17346
# TEST_DIRECTION = one-sided, positive (set), one-sided, positive (covar)
# CONDITIONED_INTERNAL = gene size, gene density, inverse mac, log(gene size), log(gene density), log(inverse mac)
# CONDITIONED_HIDDEN = Average (covar)
VARIABLE                             TYPE  NGENES         BETA     BETA_STD           SE            P FULL_NAME
Adipose_Subcutaneous                COVAR   17346   -0.0075015    -0.014977      0.01095      0.75334 Adipose_Subcutaneous
Adipose_Visceral_Omentum            COVAR   17346    -0.018236    -0.035437     0.011356      0.94585 Adipose_Visceral_Omentum
Adrenal_Gland                       COVAR   17346   -0.0092635    -0.017888     0.010218      0.81768 Adrenal_Gland
Artery_Aorta                        COVAR   17346    -0.017829    -0.036395     0.010449      0.95601 Artery_Aorta
Artery_Coronary                     COVAR   17346    -0.023242    -0.046285     0.012134      0.97228 Artery_Coronary
Artery_Tibial                       COVAR   17346   -0.0060716    -0.012504     0.010246      0.72327 Artery_Tibial
Bladder                             COVAR   17346    -0.017951    -0.035004     0.013289      0.91162 Bladder
Brain_Amygdala                      COVAR   17346     0.012714     0.021666    0.0079382     0.054633 Brain_Amygdala
Brain_Anterior_cingulate_cor...     COVAR   17346     0.015269     0.026979    0.0073275     0.018596 Brain_Anterior_cingulate_cortex_BA24
Brain_Caudate_basal_ganglia         COVAR   17346      0.01082     0.018694    0.0079754     0.087462 Brain_Caudate_basal_ganglia
Brain_Cerebellar_Hemisphere         COVAR   17346     0.019433     0.039007    0.0062024   0.00086613 Brain_Cerebellar_Hemisphere
Brain_Cerebellum                    COVAR   17346     0.020477     0.040662    0.0063908   0.00067864 Brain_Cerebellum
Brain_Cortex                        COVAR   17346     0.016174     0.029505    0.0072523     0.012873 Brain_Cortex
Brain_Frontal_Cortex_BA9            COVAR   17346     0.015816     0.029149    0.0069979     0.011915 Brain_Frontal_Cortex_BA9
Brain_Hippocampus                   COVAR   17346     0.013764     0.023317     0.008069     0.044028 Brain_Hippocampus
Brain_Hypothalamus                  COVAR   17346     0.013712     0.023609    0.0082215      0.04769 Brain_Hypothalamus
Brain_Nucleus_accumbens_basa...     COVAR   17346     0.015197     0.026373    0.0077141     0.024426 Brain_Nucleus_accumbens_basal_ganglia
Brain_Putamen_basal_ganglia         COVAR   17346     0.011032     0.018777    0.0080326     0.084823 Brain_Putamen_basal_ganglia
Brain_Spinal_cord_cervical_c...     COVAR   17346    0.0078595     0.014132    0.0087343      0.18411 Brain_Spinal_cord_cervical_c-1
Brain_Substantia_nigra              COVAR   17346    0.0080001     0.013776    0.0086885      0.17859 Brain_Substantia_nigra
Breast_Mammary_Tissue               COVAR   17346    -0.020133     -0.03873     0.012884      0.94092 Breast_Mammary_Tissue
Cells_Cultured_fibroblasts          COVAR   17346   -0.0031759    -0.006806    0.0065868      0.68515 Cells_Cultured_fibroblasts
Cells_EBV-transformed_lympho...     COVAR   17346  -0.00060422   -0.0013185    0.0049511      0.54856 Cells_EBV-transformed_lymphocytes
Cervix_Ectocervix                   COVAR   17346   -0.0049227   -0.0096523     0.012309      0.65539 Cervix_Ectocervix
Cervix_Endocervix                   COVAR   17346    -0.013905    -0.027541     0.011736      0.88195 Cervix_Endocervix
Colon_Sigmoid                       COVAR   17346   -0.0036185   -0.0070818     0.012803      0.61127 Colon_Sigmoid
Colon_Transverse                    COVAR   17346   -0.0065634    -0.012073      0.01167      0.71308 Colon_Transverse
Esophagus_Gastroesophageal_J...     COVAR   17346     -0.01025    -0.020186     0.013094      0.78313 Esophagus_Gastroesophageal_Junction
Esophagus_Mucosa                    COVAR   17346   -0.0018121   -0.0035042    0.0076995      0.59303 Esophagus_Mucosa
Esophagus_Muscularis                COVAR   17346      -0.0113    -0.022298     0.012699      0.81322 Esophagus_Muscularis
Fallopian_Tube                      COVAR   17346    -0.015529    -0.030141     0.011985      0.90247 Fallopian_Tube
Heart_Atrial_Appendage              COVAR   17346     -0.01113     -0.01999    0.0095959      0.87694 Heart_Atrial_Appendage
Heart_Left_Ventricle                COVAR   17346    -0.011079    -0.018501    0.0091198      0.88778 Heart_Left_Ventricle
Kidney_Cortex                       COVAR   17346   -0.0058447    -0.010274    0.0091292      0.73898 Kidney_Cortex
Kidney_Medulla                      COVAR   17346   -0.0059051    -0.010924    0.0094185      0.73465 Kidney_Medulla
Liver                               COVAR   17346   -0.0052362   -0.0094314    0.0064108      0.79297 Liver
Lung                                COVAR   17346   -0.0089842    -0.017379    0.0092665      0.83385 Lung
Minor_Salivary_Gland                COVAR   17346    -0.021968    -0.040898    0.0097108      0.98815 Minor_Salivary_Gland
Muscle_Skeletal                     COVAR   17346   -0.0044342   -0.0083889    0.0070552      0.73516 Muscle_Skeletal
Nerve_Tibial                        COVAR   17346   -0.0061724    -0.012428     0.010256      0.72634 Nerve_Tibial
Ovary                               COVAR   17346  -0.00054093   -0.0010969    0.0097581       0.5221 Ovary
Pancreas                            COVAR   17346    -0.012431    -0.020795    0.0084669      0.92897 Pancreas
Pituitary                           COVAR   17346     0.018417     0.034349    0.0091138     0.021661 Pituitary
Prostate                            COVAR   17346    -0.015081    -0.028624     0.012119      0.89333 Prostate
Skin_Not_Sun_Exposed_Suprapu...     COVAR   17346   -0.0036176   -0.0069794    0.0078195      0.67819 Skin_Not_Sun_Exposed_Suprapubic
Skin_Sun_Exposed_Lower_leg          COVAR   17346   -0.0043797   -0.0085021    0.0078416      0.71175 Skin_Sun_Exposed_Lower_leg
Small_Intestine_Terminal_Ile...     COVAR   17346   -0.0081474    -0.014989    0.0096611      0.80047 Small_Intestine_Terminal_Ileum
Spleen                              COVAR   17346   -0.0082792    -0.016416    0.0074704      0.86612 Spleen
Stomach                             COVAR   17346    -0.029312    -0.053272     0.012096       0.9923 Stomach
Testis                              COVAR   17346  -0.00091055   -0.0015724    0.0056356      0.56418 Testis
Thyroid                             COVAR   17346     -0.01098    -0.021753    0.0098282      0.86804 Thyroid
Uterus                              COVAR   17346    -0.009367    -0.019092     0.011104      0.80054 Uterus
Vagina                              COVAR   17346   -0.0028365   -0.0054263     0.011151       0.6004 Vagina
Whole_Blood                         COVAR   17346  -0.00020344  -0.00036778    0.0056867      0.51427 Whole_Blood
