# TOTAL_GENES = 17219
# TEST_DIRECTION = one-sided, positive (set), one-sided, positive (covar)
# CONDITIONED_INTERNAL = gene size, gene density, sample size, inverse mac, log(gene size), log(gene density), log(sample size), log(inverse mac)
# CONDITIONED_HIDDEN = Average (covar)
VARIABLE                             TYPE  NGENES         BETA     BETA_STD           SE            P FULL_NAME
Adipose_Subcutaneous                COVAR   17219    -0.083651     -0.16671     0.013804            1 Adipose_Subcutaneous
Adipose_Visceral_Omentum            COVAR   17219    -0.094376     -0.18304     0.014313            1 Adipose_Visceral_Omentum
Adrenal_Gland                       COVAR   17219    -0.026384    -0.050869     0.012942      0.97925 Adrenal_Gland
Artery_Aorta                        COVAR   17219    -0.038481    -0.078438     0.013179      0.99825 Artery_Aorta
Artery_Coronary                     COVAR   17219    -0.059314      -0.1179     0.015242      0.99995 Artery_Coronary
Artery_Tibial                       COVAR   17219    -0.026139    -0.053758     0.012903       0.9786 Artery_Tibial
Bladder                             COVAR   17219     -0.11103     -0.21602     0.016834            1 Bladder
Brain_Amygdala                      COVAR   17219     0.079346      0.13499     0.010086   1.9284e-15 Brain_Amygdala
Brain_Anterior_cingulate_cor...     COVAR   17219     0.087418       0.1542    0.0092857   2.7012e-21 Brain_Anterior_cingulate_cortex_BA24
Brain_Caudate_basal_ganglia         COVAR   17219     0.081066      0.13983      0.01012   6.1214e-16 Brain_Caudate_basal_ganglia
Brain_Cerebellar_Hemisphere         COVAR   17219     0.085723      0.17182    0.0077839   2.0934e-28 Brain_Cerebellar_Hemisphere
Brain_Cerebellum                    COVAR   17219     0.087526      0.17354    0.0080266   6.8669e-28 Brain_Cerebellum
Brain_Cortex                        COVAR   17219     0.091003      0.16573     0.009161   1.7344e-23 Brain_Cortex
Brain_Frontal_Cortex_BA9            COVAR   17219     0.091565      0.16846    0.0088374   2.2385e-25 Brain_Frontal_Cortex_BA9
Brain_Hippocampus                   COVAR   17219     0.082563      0.13962     0.010257   4.4546e-16 Brain_Hippocampus
Brain_Hypothalamus                  COVAR   17219     0.079705      0.13697     0.010451   1.2703e-14 Brain_Hypothalamus
Brain_Nucleus_accumbens_basa...     COVAR   17219     0.083804       0.1452    0.0097685   5.2205e-18 Brain_Nucleus_accumbens_basal_ganglia
Brain_Putamen_basal_ganglia         COVAR   17219     0.073897       0.1256     0.010197   2.2357e-13 Brain_Putamen_basal_ganglia
Brain_Spinal_cord_cervical_c...     COVAR   17219     0.052645     0.094489     0.011123   1.1165e-06 Brain_Spinal_cord_cervical_c-1
Brain_Substantia_nigra              COVAR   17219     0.061098      0.10504     0.011085   1.8053e-08 Brain_Substantia_nigra
Breast_Mammary_Tissue               COVAR   17219     -0.12641     -0.24265     0.016252            1 Breast_Mammary_Tissue
Cells_Cultured_fibroblasts          COVAR   17219    -0.018515    -0.039639    0.0084194      0.98606 Cells_Cultured_fibroblasts
Cells_EBV-transformed_lympho...     COVAR   17219    0.0031703    0.0069152    0.0062878      0.30706 Cells_EBV-transformed_lymphocytes
Cervix_Ectocervix                   COVAR   17219    -0.082787     -0.16198     0.015598            1 Cervix_Ectocervix
Cervix_Endocervix                   COVAR   17219    -0.077643     -0.15341     0.014839            1 Cervix_Endocervix
Colon_Sigmoid                       COVAR   17219    -0.027948    -0.054602     0.016161      0.95812 Colon_Sigmoid
Colon_Transverse                    COVAR   17219    -0.056938     -0.10452      0.01476      0.99994 Colon_Transverse
Esophagus_Gastroesophageal_J...     COVAR   17219    -0.056827     -0.11172     0.016544       0.9997 Esophagus_Gastroesophageal_Junction
Esophagus_Mucosa                    COVAR   17219    -0.044353    -0.085624    0.0098064            1 Esophagus_Mucosa
Esophagus_Muscularis                COVAR   17219    -0.049941    -0.098389     0.016049      0.99907 Esophagus_Muscularis
Fallopian_Tube                      COVAR   17219    -0.085657     -0.16582     0.015309            1 Fallopian_Tube
Heart_Atrial_Appendage              COVAR   17219     -0.03956    -0.070959     0.012213       0.9994 Heart_Atrial_Appendage
Heart_Left_Ventricle                COVAR   17219    -0.037538     -0.06263     0.011654      0.99936 Heart_Left_Ventricle
Kidney_Cortex                       COVAR   17219    -0.060278     -0.10579     0.011576            1 Kidney_Cortex
Kidney_Medulla                      COVAR   17219    -0.061526     -0.11359     0.011889            1 Kidney_Medulla
Liver                               COVAR   17219    -0.033697    -0.060643    0.0081442      0.99998 Liver
Lung                                COVAR   17219    -0.061445     -0.11856     0.011799            1 Lung
Minor_Salivary_Gland                COVAR   17219    -0.063069     -0.11717     0.012318            1 Minor_Salivary_Gland
Muscle_Skeletal                     COVAR   17219   -0.0099486    -0.018814    0.0088991      0.86819 Muscle_Skeletal
Nerve_Tibial                        COVAR   17219    -0.056921     -0.11436     0.012924      0.99999 Nerve_Tibial
Ovary                               COVAR   17219    -0.036597    -0.074091     0.012469      0.99833 Ovary
Pancreas                            COVAR   17219    -0.036107    -0.060344     0.010836      0.99957 Pancreas
Pituitary                           COVAR   17219     0.072445       0.1348     0.011487   1.4616e-10 Pituitary
Prostate                            COVAR   17219    -0.098785     -0.18704     0.015361            1 Prostate
Skin_Not_Sun_Exposed_Suprapu...     COVAR   17219    -0.042442    -0.081719    0.0099187      0.99999 Skin_Not_Sun_Exposed_Suprapubic
Skin_Sun_Exposed_Lower_leg          COVAR   17219     -0.04508    -0.087324    0.0099498            1 Skin_Sun_Exposed_Lower_leg
Small_Intestine_Terminal_Ile...     COVAR   17219    -0.044086    -0.080922     0.012262      0.99984 Small_Intestine_Terminal_Ileum
Spleen                              COVAR   17219    -0.024834    -0.049154    0.0094448      0.99572 Spleen
Stomach                             COVAR   17219     -0.08647     -0.15687     0.015326            1 Stomach
Testis                              COVAR   17219    0.0038836    0.0066916    0.0071603      0.29378 Testis
Thyroid                             COVAR   17219    -0.047028    -0.092975     0.012469      0.99992 Thyroid
Uterus                              COVAR   17219    -0.055492     -0.11289     0.013974      0.99996 Uterus
Vagina                              COVAR   17219    -0.087718     -0.16742     0.014224            1 Vagina
Whole_Blood                         COVAR   17219   -0.0064922    -0.011733     0.007238      0.81512 Whole_Blood
